AH00558: apache2: Could not reliably determine the server's fully qualified domain name, using 172.17.0.6. Set the 'ServerName' directive globally to suppress this message
[Sat Dec 15 23:12:27.392635 2018] [mpm_prefork:notice] [pid 1] AH00163: Apache/2.4.25 (Debian) PHP/7.2.11 configured -- resuming normal operations
[Sat Dec 15 23:12:27.395962 2018] [core:notice] [pid 1] AH00094: Command line: 'apache2 -D FOREGROUND'
AH00558: apache2: Could not reliably determine the server's fully qualified domain name, using 172.17.0.4. Set the 'ServerName' directive globally to suppress this message
[Sun Dec 16 12:32:29.837847 2018] [mpm_prefork:notice] [pid 1] AH00163: Apache/2.4.25 (Debian) PHP/7.2.11 configured -- resuming normal operations
[Sun Dec 16 12:32:29.840280 2018] [core:notice] [pid 1] AH00094: Command line: 'apache2 -D FOREGROUND'
AH00558: apache2: Could not reliably determine the server's fully qualified domain name, using 172.17.0.6. Set the 'ServerName' directive globally to suppress this message
[Tue Dec 18 08:33:13.418384 2018] [mpm_prefork:notice] [pid 1] AH00163: Apache/2.4.25 (Debian) PHP/7.2.11 configured -- resuming normal operations
[Tue Dec 18 08:33:13.419752 2018] [core:notice] [pid 1] AH00094: Command line: 'apache2 -D FOREGROUND'
AH00558: apache2: Could not reliably determine the server's fully qualified domain name, using 172.17.0.6. Set the 'ServerName' directive globally to suppress this message
[Thu Dec 20 04:51:26.422475 2018] [mpm_prefork:notice] [pid 1] AH00163: Apache/2.4.25 (Debian) PHP/7.2.11 configured -- resuming normal operations
[Thu Dec 20 04:51:26.424285 2018] [core:notice] [pid 1] AH00094: Command line: 'apache2 -D FOREGROUND'
[Thu Dec 20 09:37:36.006270 2018] [mpm_prefork:notice] [pid 1] AH00169: caught SIGTERM, shutting down
AH00558: apache2: Could not reliably determine the server's fully qualified domain name, using 172.17.0.10. Set the 'ServerName' directive globally to suppress this message
[Fri Dec 28 04:52:38.685349 2018] [mpm_prefork:notice] [pid 1] AH00163: Apache/2.4.25 (Debian) PHP/7.2.11 configured -- resuming normal operations
[Fri Dec 28 04:52:38.686798 2018] [core:notice] [pid 1] AH00094: Command line: 'apache2 -D FOREGROUND'
sh: 1: -t: not found
AH00558: apache2: Could not reliably determine the server's fully qualified domain name, using 172.17.0.8. Set the 'ServerName' directive globally to suppress this message
[Sat Dec 29 01:48:16.734016 2018] [mpm_prefork:notice] [pid 1] AH00163: Apache/2.4.25 (Debian) PHP/7.2.11 configured -- resuming normal operations
[Sat Dec 29 01:48:16.734978 2018] [core:notice] [pid 1] AH00094: Command line: 'apache2 -D FOREGROUND'
AH00558: apache2: Could not reliably determine the server's fully qualified domain name, using 172.17.0.5. Set the 'ServerName' directive globally to suppress this message
[Sun Dec 30 09:29:04.408461 2018] [mpm_prefork:notice] [pid 1] AH00163: Apache/2.4.25 (Debian) PHP/7.2.11 configured -- resuming normal operations
[Sun Dec 30 09:29:04.409725 2018] [core:notice] [pid 1] AH00094: Command line: 'apache2 -D FOREGROUND'
AH00558: apache2: Could not reliably determine the server's fully qualified domain name, using 172.17.0.5. Set the 'ServerName' directive globally to suppress this message
[Tue Jan 01 07:44:24.528252 2019] [mpm_prefork:notice] [pid 1] AH00163: Apache/2.4.25 (Debian) PHP/7.2.11 configured -- resuming normal operations
[Tue Jan 01 07:44:24.545304 2019] [core:notice] [pid 1] AH00094: Command line: 'apache2 -D FOREGROUND'
AH00558: apache2: Could not reliably determine the server's fully qualified domain name, using 172.17.0.5. Set the 'ServerName' directive globally to suppress this message
[Tue Jan 01 09:13:13.473093 2019] [mpm_prefork:notice] [pid 1] AH00163: Apache/2.4.25 (Debian) PHP/7.2.11 configured -- resuming normal operations
[Tue Jan 01 09:13:13.488331 2019] [core:notice] [pid 1] AH00094: Command line: 'apache2 -D FOREGROUND'
AH00558: apache2: Could not reliably determine the server's fully qualified domain name, using 172.17.0.7. Set the 'ServerName' directive globally to suppress this message
[Thu Jan 03 10:14:56.937881 2019] [mpm_prefork:notice] [pid 1] AH00163: Apache/2.4.25 (Debian) PHP/7.2.11 configured -- resuming normal operations
[Thu Jan 03 10:14:56.939728 2019] [core:notice] [pid 1] AH00094: Command line: 'apache2 -D FOREGROUND'
AH00558: apache2: Could not reliably determine the server's fully qualified domain name, using 172.17.0.7. Set the 'ServerName' directive globally to suppress this message
[Fri Jan 04 12:10:58.968978 2019] [mpm_prefork:notice] [pid 1] AH00163: Apache/2.4.25 (Debian) PHP/7.2.11 configured -- resuming normal operations
[Fri Jan 04 12:10:58.970537 2019] [core:notice] [pid 1] AH00094: Command line: 'apache2 -D FOREGROUND'
AH00558: apache2: Could not reliably determine the server's fully qualified domain name, using 172.17.0.8. Set the 'ServerName' directive globally to suppress this message
[Mon Jan 07 06:19:11.974965 2019] [mpm_prefork:notice] [pid 1] AH00163: Apache/2.4.25 (Debian) PHP/7.2.11 configured -- resuming normal operations
[Mon Jan 07 06:19:11.980729 2019] [core:notice] [pid 1] AH00094: Command line: 'apache2 -D FOREGROUND'
AH00558: apache2: Could not reliably determine the server's fully qualified domain name, using 172.17.0.5. Set the 'ServerName' directive globally to suppress this message
[Tue Jan 08 08:34:22.225597 2019] [mpm_prefork:notice] [pid 1] AH00163: Apache/2.4.25 (Debian) PHP/7.2.11 configured -- resuming normal operations
[Tue Jan 08 08:34:22.226876 2019] [core:notice] [pid 1] AH00094: Command line: 'apache2 -D FOREGROUND'
AH00558: apache2: Could not reliably determine the server's fully qualified domain name, using 172.17.0.8. Set the 'ServerName' directive globally to suppress this message
[Wed Jan 09 12:22:34.897620 2019] [mpm_prefork:notice] [pid 1] AH00163: Apache/2.4.25 (Debian) PHP/7.2.11 configured -- resuming normal operations
[Wed Jan 09 12:22:34.899657 2019] [core:notice] [pid 1] AH00094: Command line: 'apache2 -D FOREGROUND'
AH00558: apache2: Could not reliably determine the server's fully qualified domain name, using 172.17.0.8. Set the 'ServerName' directive globally to suppress this message
[Mon Jan 14 10:00:38.423024 2019] [mpm_prefork:notice] [pid 1] AH00163: Apache/2.4.25 (Debian) PHP/7.2.11 configured -- resuming normal operations
[Mon Jan 14 10:00:38.424407 2019] [core:notice] [pid 1] AH00094: Command line: 'apache2 -D FOREGROUND'
AH00558: apache2: Could not reliably determine the server's fully qualified domain name, using 172.17.0.8. Set the 'ServerName' directive globally to suppress this message
[Tue Jan 15 01:38:10.526711 2019] [mpm_prefork:notice] [pid 1] AH00163: Apache/2.4.25 (Debian) PHP/7.2.11 configured -- resuming normal operations
[Tue Jan 15 01:38:10.542641 2019] [core:notice] [pid 1] AH00094: Command line: 'apache2 -D FOREGROUND'
AH00558: apache2: Could not reliably determine the server's fully qualified domain name, using 172.17.0.6. Set the 'ServerName' directive globally to suppress this message
[Wed Jan 16 11:32:10.392272 2019] [mpm_prefork:notice] [pid 1] AH00163: Apache/2.4.25 (Debian) PHP/7.2.11 configured -- resuming normal operations
[Wed Jan 16 11:32:10.410057 2019] [core:notice] [pid 1] AH00094: Command line: 'apache2 -D FOREGROUND'
[Thu Jan 17 09:46:01.195298 2019] [php7:notice] [pid 92] [client 172.17.0.2:32942] Error Duplicate entry '513' for key 'PRIMARY' de la base de datos de WordPress para la consulta INSERT INTO `wp_posts` (`post_author`, `post_date`, `post_date_gmt`, `post_content`, `post_content_filtered`, `post_title`, `post_excerpt`, `post_status`, `post_type`, `comment_status`, `ping_status`, `post_password`, `post_name`, `to_ping`, `pinged`, `post_modified`, `post_modified_gmt`, `post_parent`, `menu_order`, `post_mime_type`, `guid`, `ID`) VALUES (1, '2018-09-24 03:30:44', '2018-09-24 03:30:44', '', '', 'docker ps', '', 'inherit', 'attachment', 'closed', 'closed', '', 'captura-de-pantalla-2018-09-24-a-las-13-30-04', '', '', '2018-09-24 03:30:44', '2018-09-24 03:30:44', 0, 0, 'image/png', 'http://wordpresstheme.docker/wp-content/uploads/2018/09/Captura-de-pantalla-2018-09-24-a-las-13.30.04.png', 513) realizada por WP_Import->dispatch, WP_Import->import, WP_Import->process_posts, WP_Import->process_attachment, wp_insert_attachment, wp_insert_post, referer: http://wordpresstheme.docker/wp-admin/admin.php?import=wordpress&step=1&_wpnonce=3c1d9ee74f
[Thu Jan 17 09:46:19.201130 2019] [php7:notice] [pid 92] [client 172.17.0.2:32942] Error Duplicate entry '591' for key 'PRIMARY' de la base de datos de WordPress para la consulta INSERT INTO `wp_posts` (`post_author`, `post_date`, `post_date_gmt`, `post_content`, `post_content_filtered`, `post_title`, `post_excerpt`, `post_status`, `post_type`, `comment_status`, `ping_status`, `post_password`, `post_name`, `to_ping`, `pinged`, `post_modified`, `post_modified_gmt`, `post_parent`, `menu_order`, `post_mime_type`, `guid`, `ID`) VALUES (1, '2018-09-30 01:38:29', '2018-09-30 01:38:29', '', '', 'calendarUOC', '', 'inherit', 'attachment', 'closed', 'closed', '', 'calendaruoc', '', '', '2018-09-30 01:38:29', '2018-09-30 01:38:29', 0, 0, 'text/calendar', 'http://wordpresstheme.docker/wp-content/uploads/2018/09/calendarUOC.ics', 591) realizada por WP_Import->dispatch, WP_Import->import, WP_Import->process_posts, WP_Import->process_attachment, wp_insert_attachment, wp_insert_post, referer: http://wordpresstheme.docker/wp-admin/admin.php?import=wordpress&step=1&_wpnonce=3c1d9ee74f
AH00558: apache2: Could not reliably determine the server's fully qualified domain name, using 172.17.0.7. Set the 'ServerName' directive globally to suppress this message
[Thu Jan 17 11:18:50.424146 2019] [mpm_prefork:notice] [pid 1] AH00163: Apache/2.4.25 (Debian) PHP/7.2.11 configured -- resuming normal operations
[Thu Jan 17 11:18:50.425304 2019] [core:notice] [pid 1] AH00094: Command line: 'apache2 -D FOREGROUND'
AH00558: apache2: Could not reliably determine the server's fully qualified domain name, using 172.17.0.5. Set the 'ServerName' directive globally to suppress this message
[Sat Jan 19 12:56:31.050015 2019] [mpm_prefork:notice] [pid 1] AH00163: Apache/2.4.25 (Debian) PHP/7.2.11 configured -- resuming normal operations
[Sat Jan 19 12:56:31.051551 2019] [core:notice] [pid 1] AH00094: Command line: 'apache2 -D FOREGROUND'
AH00558: apache2: Could not reliably determine the server's fully qualified domain name, using 172.17.0.7. Set the 'ServerName' directive globally to suppress this message
[Wed Jan 23 02:29:29.761061 2019] [mpm_prefork:notice] [pid 1] AH00163: Apache/2.4.25 (Debian) PHP/7.2.11 configured -- resuming normal operations
[Wed Jan 23 02:29:29.764148 2019] [core:notice] [pid 1] AH00094: Command line: 'apache2 -D FOREGROUND'
AH00558: apache2: Could not reliably determine the server's fully qualified domain name, using 172.17.0.8. Set the 'ServerName' directive globally to suppress this message
[Fri Jan 25 10:38:26.734793 2019] [mpm_prefork:notice] [pid 1] AH00163: Apache/2.4.25 (Debian) PHP/7.2.11 configured -- resuming normal operations
[Fri Jan 25 10:38:26.736751 2019] [core:notice] [pid 1] AH00094: Command line: 'apache2 -D FOREGROUND'
